<?xml version="1.0" encoding="UTF-8"?>
<!-- Generated by org.testng.reporters.JUnitReportReporter -->
<testsuite hostname="Vyshnav-Rajan" failures="0" tests="1" name="testpkg.TestFunctions" time="41.580" errors="0" timestamp="2024-05-07T14:53:45 IST" skipped="0">
  <testcase classname="testpkg.TestFunctions" name="clickOptions" time="41.580"/>
</testsuite> <!-- testpkg.TestFunctions -->
